Create Listening on port 4003
Here
{ id: '01C', url: 'https://7b3a3be6c3cb.ngrok.io' }
{ status: 1, redirectURL: '' }
Connected Socket = 5WhOIL_hCG2oB-WlAAAA
client connection requesthttps://7b3a3be6c3cb.ngrok.io 01C
Here
{ id: '01C', url: 'https://65251a666ea3.ngrok.io' }
{ status: 1, redirectURL: '' }
Connected Socket = E1tDQg0eH5kPiYSaAAAB
client connection requesthttps://65251a666ea3.ngrok.io 01C
Here
{ id: '01C', url: 'https://ed3d413162ad.ngrok.io' }
undefined
Disconnected Socket = E1tDQg0eH5kPiYSaAAAB
deleted[object Object]
deleted[object Object]
Disconnected Socket = 5WhOIL_hCG2oB-WlAAAA
deleted
deleted
